<?xml version="1.0" encoding="UTF-8"?>
<testsuite xmlns:xsi="http://www.w3.org/2001/XMLSchema-instance" xsi:noNamespaceSchemaLocation="https://maven.apache.org/surefire/maven-surefire-plugin/xsd/surefire-test-report.xsd" version="3.0.2" name="com.taskapp.taskapp.TaskControllerTest" time="8.32" tests="7" errors="1" skipped="0" failures="4">
  <properties>
[...]
</properties>
  <testcase name="createTask_ValidationFailure_TitleMissing" classname="com.taskapp.taskapp.TaskControllerTest" time="0.727">
    <system-out><![CDATA[22:24:59.866 [main] INFO org.springframework.test.context.support.AnnotationConfigContextLoaderUtils -- Could not detect default configuration classes for test class [com.taskapp.taskapp.TaskControllerTest]: TaskControllerTest does not declare any static, non-private, non-final, nested classes annotated with @Configuration.
22:24:59.971 [main] INFO org.springframework.boot.test.context.SpringBootTestContextBootstrapper -- Found @SpringBootConfiguration com.taskapp.taskapp.TaskappApplication for test class com.taskapp.taskapp.TaskControllerTest

  .   ____          _            __ _ _
 /\\ / ___'_ __ _ _(_)_ __  __ _ \ \ \ \
( ( )\___ | '_ | '_| | '_ \/ _` | \ \ \ \
 \\/  ___)| |_)| | | | | || (_| |  ) ) ) )
  '  |____| .__|_| |_|_| |_\__, | / / / /
 =========|_|==============|___/=/_/_/_/

 :: Spring Boot ::                (v3.4.1)

2025-01-06T22:25:00.355+01:00  INFO 15228 --- [taskapp] [           main] com.taskapp.taskapp.TaskControllerTest   : Starting TaskControllerTest using Java 17.0.12 with PID 15228 (started by Otmane in D:\taskapp)
2025-01-06T22:25:00.357+01:00  INFO 15228 --- [taskapp] [           main] com.taskapp.taskapp.TaskControllerTest   : No active profile set, falling back to 1 default profile: "default"
2025-01-06T22:25:01.095+01:00  INFO 15228 --- [taskapp] [           main] .s.d.r.c.RepositoryConfigurationDelegate : Bootstrapping Spring Data JPA repositories in DEFAULT mode.
2025-01-06T22:25:01.178+01:00  INFO 15228 --- [taskapp] [           main] .s.d.r.c.RepositoryConfigurationDelegate : Finished Spring Data repository scanning in 70 ms. Found 1 JPA repository interface.
2025-01-06T22:25:01.889+01:00  INFO 15228 --- [taskapp] [           main] o.hibernate.jpa.internal.util.LogHelper  : HHH000204: Processing PersistenceUnitInfo [name: default]
2025-01-06T22:25:02.117+01:00  INFO 15228 --- [taskapp] [           main] org.hibernate.Version                    : HHH000412: Hibernate ORM core version 6.6.4.Final
2025-01-06T22:25:02.189+01:00  INFO 15228 --- [taskapp] [           main] o.h.c.internal.RegionFactoryInitiator    : HHH000026: Second-level cache disabled
2025-01-06T22:25:02.602+01:00  INFO 15228 --- [taskapp] [           main] o.s.o.j.p.SpringPersistenceUnitInfo      : No LoadTimeWeaver setup: ignoring JPA class transformer
2025-01-06T22:25:02.634+01:00  INFO 15228 --- [taskapp] [           main] com.zaxxer.hikari.HikariDataSource       : HikariPool-1 - Starting...
2025-01-06T22:25:02.783+01:00  INFO 15228 --- [taskapp] [           main] com.zaxxer.hikari.pool.HikariPool        : HikariPool-1 - Added connection com.mysql.cj.jdbc.ConnectionImpl@61c87f1b
2025-01-06T22:25:02.785+01:00  INFO 15228 --- [taskapp] [           main] com.zaxxer.hikari.HikariDataSource       : HikariPool-1 - Start completed.
2025-01-06T22:25:02.821+01:00  WARN 15228 --- [taskapp] [           main] org.hibernate.dialect.Dialect            : HHH000511: The 5.5.5 version for [org.hibernate.dialect.MySQLDialect] is no longer supported, hence certain features may not work properly. The minimum supported version is 8.0.0. Check the community dialects project for available legacy versions.
2025-01-06T22:25:02.825+01:00  WARN 15228 --- [taskapp] [           main] org.hibernate.orm.deprecation            : HHH90000025: MySQLDialect does not need to be specified explicitly using 'hibernate.dialect' (remove the property setting and it will be selected by default)
2025-01-06T22:25:02.840+01:00  INFO 15228 --- [taskapp] [           main] org.hibernate.orm.connections.pooling    : HHH10001005: Database info:
	Database JDBC URL [Connecting through datasource 'HikariDataSource (HikariPool-1)']
	Database driver: undefined/unknown
	Database version: 5.5.5
	Autocommit mode: undefined/unknown
	Isolation level: undefined/unknown
	Minimum pool size: undefined/unknown
	Maximum pool size: undefined/unknown
2025-01-06T22:25:03.424+01:00  INFO 15228 --- [taskapp] [           main] o.h.e.t.j.p.i.JtaPlatformInitiator       : HHH000489: No JTA platform available (set 'hibernate.transaction.jta.platform' to enable JTA platform integration)
2025-01-06T22:25:03.465+01:00  INFO 15228 --- [taskapp] [           main] j.LocalContainerEntityManagerFactoryBean : Initialized JPA EntityManagerFactory for persistence unit 'default'
2025-01-06T22:25:03.868+01:00  INFO 15228 --- [taskapp] [           main] o.s.d.j.r.query.QueryEnhancerFactory     : Hibernate is in classpath; If applicable, HQL parser will be used.
2025-01-06T22:25:05.238+01:00  WARN 15228 --- [taskapp] [           main] JpaBaseConfiguration$JpaWebConfiguration : spring.jpa.open-in-view is enabled by default. Therefore, database queries may be performed during view rendering. Explicitly configure spring.jpa.open-in-view to disable this warning
2025-01-06T22:25:05.871+01:00  INFO 15228 --- [taskapp] [           main] o.s.b.t.m.w.SpringBootMockServletContext : Initializing Spring TestDispatcherServlet ''
2025-01-06T22:25:05.872+01:00  INFO 15228 --- [taskapp] [           main] o.s.t.web.servlet.TestDispatcherServlet  : Initializing Servlet ''
2025-01-06T22:25:05.874+01:00  INFO 15228 --- [taskapp] [           main] o.s.t.web.servlet.TestDispatcherServlet  : Completed initialization in 0 ms
2025-01-06T22:25:05.906+01:00  INFO 15228 --- [taskapp] [           main] com.taskapp.taskapp.TaskControllerTest   : Started TaskControllerTest in 5.814 seconds (process running for 6.578)
2025-01-06T22:25:07.042+01:00 ERROR 15228 --- [taskapp] [           main] c.t.t.U.E.GlobalExceptionHandler         : Validation failed: [Field error in object 'task' on field 'title': rejected value [null]; codes [NotNull.task.title,NotNull.title,NotNull.java.lang.String,NotNull]; arguments [org.springframework.context.support.DefaultMessageSourceResolvable: codes [task.title,title]; arguments []; default message [title]]; default message [Title cannot be null], Field error in object 'task' on field 'title': rejected value [null]; codes [NotBlank.task.title,NotBlank.title,NotBlank.java.lang.String,NotBlank]; arguments [org.springframework.context.support.DefaultMessageSourceResolvable: codes [task.title,title]; arguments []; default message [title]]; default message [Title is required]]
]]></system-out>
  </testcase>
  <testcase name="createTask_Success" classname="com.taskapp.taskapp.TaskControllerTest" time="0.309">
    <error message="Request processing failed: org.springframework.orm.ObjectOptimisticLockingFailureException: Row was updated or deleted by another transaction (or unsaved-value mapping was incorrect): [com.taskapp.taskapp.Models.Task#ef72a886-4665-4e48-808e-594b8afb3c7b]" type="jakarta.servlet.ServletException"><![CDATA[jakarta.servlet.ServletException: Request processing failed: org.springframework.orm.ObjectOptimisticLockingFailureException: Row was updated or deleted by another transaction (or unsaved-value mapping was incorrect): [com.taskapp.taskapp.Models.Task#ef72a886-4665-4e48-808e-594b8afb3c7b]
	at org.springframework.web.servlet.FrameworkServlet.processRequest(FrameworkServlet.java:1022)
	at org.springframework.web.servlet.FrameworkServlet.doPost(FrameworkServlet.java:914)
	at jakarta.servlet.http.HttpServlet.service(HttpServlet.java:590)
	at org.springframework.web.servlet.FrameworkServlet.service(FrameworkServlet.java:885)
	at org.springframework.test.web.servlet.TestDispatcherServlet.service(TestDispatcherServlet.java:72)
	at jakarta.servlet.http.HttpServlet.service(HttpServlet.java:658)
	at org.springframework.mock.web.MockFilterChain$ServletFilterProxy.doFilter(MockFilterChain.java:165)
	at org.springframework.mock.web.MockFilterChain.doFilter(MockFilterChain.java:132)
	at org.springframework.web.filter.RequestContextFilter.doFilterInternal(RequestContextFilter.java:100)
	at org.springframework.web.filter.OncePerRequestFilter.doFilter(OncePerRequestFilter.java:116)
	at org.springframework.test.web.servlet.setup.MockMvcFilterDecorator.doFilter(MockMvcFilterDecorator.java:162)
	at org.springframework.mock.web.MockFilterChain.doFilter(MockFilterChain.java:132)
	at org.springframework.web.filter.FormContentFilter.doFilterInternal(FormContentFilter.java:93)
	at org.springframework.web.filter.OncePerRequestFilter.doFilter(OncePerRequestFilter.java:116)
	at org.springframework.test.web.servlet.setup.MockMvcFilterDecorator.doFilter(MockMvcFilterDecorator.java:162)
	at org.springframework.mock.web.MockFilterChain.doFilter(MockFilterChain.java:132)
	at org.springframework.web.filter.CharacterEncodingFilter.doFilterInternal(CharacterEncodingFilter.java:201)
	at org.springframework.web.filter.OncePerRequestFilter.doFilter(OncePerRequestFilter.java:116)
	at org.springframework.test.web.servlet.setup.MockMvcFilterDecorator.doFilter(MockMvcFilterDecorator.java:162)
	at org.springframework.mock.web.MockFilterChain.doFilter(MockFilterChain.java:132)
	at org.springframework.test.web.servlet.MockMvc.perform(MockMvc.java:201)
	at com.taskapp.taskapp.TaskControllerTest.createTask_Success(TaskControllerTest.java:56)
	at java.base/java.lang.reflect.Method.invoke(Method.java:568)
	at java.base/java.util.ArrayList.forEach(ArrayList.java:1511)
	at java.base/java.util.ArrayList.forEach(ArrayList.java:1511)
Caused by: org.springframework.orm.ObjectOptimisticLockingFailureException: Row was updated or deleted by another transaction (or unsaved-value mapping was incorrect): [com.taskapp.taskapp.Models.Task#ef72a886-4665-4e48-808e-594b8afb3c7b]
	at org.springframework.orm.jpa.vendor.HibernateJpaDialect.convertHibernateAccessException(HibernateJpaDialect.java:325)
	at org.springframework.orm.jpa.vendor.HibernateJpaDialect.translateExceptionIfPossible(HibernateJpaDialect.java:244)
	at org.springframework.orm.jpa.AbstractEntityManagerFactoryBean.translateExceptionIfPossible(AbstractEntityManagerFactoryBean.java:560)
	at org.springframework.dao.support.ChainedPersistenceExceptionTranslator.translateExceptionIfPossible(ChainedPersistenceExceptionTranslator.java:61)
	at org.springframework.dao.support.DataAccessUtils.translateIfNecessary(DataAccessUtils.java:343)
	at org.springframework.dao.support.PersistenceExceptionTranslationInterceptor.invoke(PersistenceExceptionTranslationInterceptor.java:160)
	at org.springframework.aop.framework.ReflectiveMethodInvocation.proceed(ReflectiveMethodInvocation.java:184)
	at org.springframework.data.jpa.repository.support.CrudMethodMetadataPostProcessor$CrudMethodMetadataPopulatingMethodInterceptor.invoke(CrudMethodMetadataPostProcessor.java:165)
	at org.springframework.aop.framework.ReflectiveMethodInvocation.proceed(ReflectiveMethodInvocation.java:184)
	at org.springframework.aop.framework.JdkDynamicAopProxy.invoke(JdkDynamicAopProxy.java:223)
	at jdk.proxy2/jdk.proxy2.$Proxy146.save(Unknown Source)
	at com.taskapp.taskapp.Services.TaskService.createTask(TaskService.java:27)
	at java.base/jdk.internal.reflect.NativeMethodAccessorImpl.invoke0(Native Method)
	at java.base/jdk.internal.reflect.NativeMethodAccessorImpl.invoke(NativeMethodAccessorImpl.java:77)
	at java.base/jdk.internal.reflect.DelegatingMethodAccessorImpl.invoke(DelegatingMethodAccessorImpl.java:43)
	at java.base/java.lang.reflect.Method.invoke(Method.java:568)
	at org.springframework.aop.support.AopUtils.invokeJoinpointUsingReflection(AopUtils.java:359)
	at org.springframework.aop.framework.ReflectiveMethodInvocation.invokeJoinpoint(ReflectiveMethodInvocation.java:196)
	at org.springframework.aop.framework.ReflectiveMethodInvocation.proceed(ReflectiveMethodInvocation.java:163)
	at org.springframework.transaction.interceptor.TransactionAspectSupport.invokeWithinTransaction(TransactionAspectSupport.java:380)
	at org.springframework.transaction.interceptor.TransactionInterceptor.invoke(TransactionInterceptor.java:119)
	at org.springframework.aop.framework.ReflectiveMethodInvocation.proceed(ReflectiveMethodInvocation.java:184)
	at org.springframework.aop.framework.CglibAopProxy$DynamicAdvisedInterceptor.intercept(CglibAopProxy.java:727)
	at com.taskapp.taskapp.Services.TaskService$$SpringCGLIB$$0.createTask(<generated>)
	at com.taskapp.taskapp.Controller.TaskController.createTask(TaskController.java:31)
	at java.base/jdk.internal.reflect.NativeMethodAccessorImpl.invoke0(Native Method)
	at java.base/jdk.internal.reflect.NativeMethodAccessorImpl.invoke(NativeMethodAccessorImpl.java:77)
	at java.base/jdk.internal.reflect.DelegatingMethodAccessorImpl.invoke(DelegatingMethodAccessorImpl.java:43)
	at java.base/java.lang.reflect.Method.invoke(Method.java:568)
	at org.springframework.web.method.support.InvocableHandlerMethod.doInvoke(InvocableHandlerMethod.java:257)
	at org.springframework.web.method.support.InvocableHandlerMethod.invokeForRequest(InvocableHandlerMethod.java:190)
	at org.springframework.web.servlet.mvc.method.annotation.ServletInvocableHandlerMethod.invokeAndHandle(ServletInvocableHandlerMethod.java:118)
	at org.springframework.web.servlet.mvc.method.annotation.RequestMappingHandlerAdapter.invokeHandlerMethod(RequestMappingHandlerAdapter.java:986)
	at org.springframework.web.servlet.mvc.method.annotation.RequestMappingHandlerAdapter.handleInternal(RequestMappingHandlerAdapter.java:891)
	at org.springframework.web.servlet.mvc.method.AbstractHandlerMethodAdapter.handle(AbstractHandlerMethodAdapter.java:87)
	at org.springframework.web.servlet.DispatcherServlet.doDispatch(DispatcherServlet.java:1088)
	at org.springframework.web.servlet.DispatcherServlet.doService(DispatcherServlet.java:978)
	at org.springframework.web.servlet.FrameworkServlet.processRequest(FrameworkServlet.java:1014)
	... 24 more
Caused by: org.hibernate.StaleObjectStateException: Row was updated or deleted by another transaction (or unsaved-value mapping was incorrect): [com.taskapp.taskapp.Models.Task#ef72a886-4665-4e48-808e-594b8afb3c7b]
	at org.hibernate.event.internal.DefaultMergeEventListener.entityIsDetached(DefaultMergeEventListener.java:426)
	at org.hibernate.event.internal.DefaultMergeEventListener.merge(DefaultMergeEventListener.java:214)
	at org.hibernate.event.internal.DefaultMergeEventListener.doMerge(DefaultMergeEventListener.java:152)
	at org.hibernate.event.internal.DefaultMergeEventListener.onMerge(DefaultMergeEventListener.java:136)
	at org.hibernate.event.internal.DefaultMergeEventListener.onMerge(DefaultMergeEventListener.java:89)
	at org.hibernate.event.service.internal.EventListenerGroupImpl.fireEventOnEachListener(EventListenerGroupImpl.java:127)
	at org.hibernate.internal.SessionImpl.fireMerge(SessionImpl.java:854)
	at org.hibernate.internal.SessionImpl.merge(SessionImpl.java:840)
	at java.base/jdk.internal.reflect.NativeMethodAccessorImpl.invoke0(Native Method)
	at java.base/jdk.internal.reflect.NativeMethodAccessorImpl.invoke(NativeMethodAccessorImpl.java:77)
	at java.base/jdk.internal.reflect.DelegatingMethodAccessorImpl.invoke(DelegatingMethodAccessorImpl.java:43)
	at java.base/java.lang.reflect.Method.invoke(Method.java:568)
	at org.springframework.orm.jpa.ExtendedEntityManagerCreator$ExtendedEntityManagerInvocationHandler.invoke(ExtendedEntityManagerCreator.java:364)
	at jdk.proxy2/jdk.proxy2.$Proxy140.merge(Unknown Source)
	at java.base/jdk.internal.reflect.NativeMethodAccessorImpl.invoke0(Native Method)
	at java.base/jdk.internal.reflect.NativeMethodAccessorImpl.invoke(NativeMethodAccessorImpl.java:77)
	at java.base/jdk.internal.reflect.DelegatingMethodAccessorImpl.invoke(DelegatingMethodAccessorImpl.java:43)
	at java.base/java.lang.reflect.Method.invoke(Method.java:568)
	at org.springframework.orm.jpa.SharedEntityManagerCreator$SharedEntityManagerInvocationHandler.invoke(SharedEntityManagerCreator.java:320)
	at jdk.proxy2/jdk.proxy2.$Proxy140.merge(Unknown Source)
	at org.springframework.data.jpa.repository.support.SimpleJpaRepository.save(SimpleJpaRepository.java:630)
	at java.base/jdk.internal.reflect.NativeMethodAccessorImpl.invoke0(Native Method)
	at java.base/jdk.internal.reflect.NativeMethodAccessorImpl.invoke(NativeMethodAccessorImpl.java:77)
	at java.base/jdk.internal.reflect.DelegatingMethodAccessorImpl.invoke(DelegatingMethodAccessorImpl.java:43)
	at java.base/java.lang.reflect.Method.invoke(Method.java:568)
	at org.springframework.aop.support.AopUtils.invokeJoinpointUsingReflection(AopUtils.java:359)
	at org.springframework.data.repository.core.support.RepositoryMethodInvoker$RepositoryFragmentMethodInvoker.lambda$new$0(RepositoryMethodInvoker.java:277)
	at org.springframework.data.repository.core.support.RepositoryMethodInvoker.doInvoke(RepositoryMethodInvoker.java:170)
	at org.springframework.data.repository.core.support.RepositoryMethodInvoker.invoke(RepositoryMethodInvoker.java:158)
	at org.springframework.data.repository.core.support.RepositoryComposition$RepositoryFragments.invoke(RepositoryComposition.java:515)
	at org.springframework.data.repository.core.support.RepositoryComposition.invoke(RepositoryComposition.java:284)
	at org.springframework.data.repository.core.support.RepositoryFactorySupport$ImplementationMethodExecutionInterceptor.invoke(RepositoryFactorySupport.java:752)
	at org.springframework.aop.framework.ReflectiveMethodInvocation.proceed(ReflectiveMethodInvocation.java:184)
	at org.springframework.data.repository.core.support.QueryExecutorMethodInterceptor.doInvoke(QueryExecutorMethodInterceptor.java:174)
	at org.springframework.data.repository.core.support.QueryExecutorMethodInterceptor.invoke(QueryExecutorMethodInterceptor.java:149)
	at org.springframework.aop.framework.ReflectiveMethodInvocation.proceed(ReflectiveMethodInvocation.java:184)
	at org.springframework.data.projection.DefaultMethodInvokingMethodInterceptor.invoke(DefaultMethodInvokingMethodInterceptor.java:69)
	at org.springframework.aop.framework.ReflectiveMethodInvocation.proceed(ReflectiveMethodInvocation.java:184)
	at org.springframework.transaction.interceptor.TransactionAspectSupport.invokeWithinTransaction(TransactionAspectSupport.java:380)
	at org.springframework.transaction.interceptor.TransactionInterceptor.invoke(TransactionInterceptor.java:119)
	at org.springframework.aop.framework.ReflectiveMethodInvocation.proceed(ReflectiveMethodInvocation.java:184)
	at org.springframework.dao.support.PersistenceExceptionTranslationInterceptor.invoke(PersistenceExceptionTranslationInterceptor.java:138)
	... 56 more
]]></error>
    <system-out><![CDATA[2025-01-06T22:25:07.383+01:00 DEBUG 15228 --- [taskapp] [           main] org.hibernate.SQL                        : select t1_0.id,t1_0.completed,t1_0.description,t1_0.title from task t1_0 where t1_0.id=?
2025-01-06T22:25:07.450+01:00 DEBUG 15228 --- [taskapp] [           main] org.hibernate.SQL                        : select t1_0.id,t1_0.completed,t1_0.description,t1_0.title from task t1_0 where t1_0.id=?
]]></system-out>
  </testcase>
  <testcase name="createTask_ValidationFailure_TitleTooShort" classname="com.taskapp.taskapp.TaskControllerTest" time="0.023">
    <system-out><![CDATA[2025-01-06T22:25:07.503+01:00 ERROR 15228 --- [taskapp] [           main] c.t.t.U.E.GlobalExceptionHandler         : Validation failed: [Field error in object 'task' on field 'title': rejected value [ab]; codes [Size.task.title,Size.title,Size.java.lang.String,Size]; arguments [org.springframework.context.support.DefaultMessageSourceResolvable: codes [task.title,title]; arguments []; default message [title],100,3]; default message [Title must be between 3 and 100 characters]]
]]></system-out>
  </testcase>
  <testcase name="searchTasks_Success" classname="com.taskapp.taskapp.TaskControllerTest" time="0.367">
    <failure message="No value at JSON path &quot;$.content[0].id&quot;" type="java.lang.AssertionError"><![CDATA[java.lang.AssertionError: No value at JSON path "$.content[0].id"
	at org.springframework.test.util.JsonPathExpectationsHelper.evaluateJsonPath(JsonPathExpectationsHelper.java:351)
	at org.springframework.test.util.JsonPathExpectationsHelper.assertValue(JsonPathExpectationsHelper.java:148)
	at org.springframework.test.web.servlet.result.JsonPathResultMatchers.lambda$value$2(JsonPathResultMatchers.java:112)
	at org.springframework.test.web.servlet.MockMvc$1.andExpect(MockMvc.java:214)
	at com.taskapp.taskapp.TaskControllerTest.searchTasks_Success(TaskControllerTest.java:118)
	at java.base/java.lang.reflect.Method.invoke(Method.java:568)
	at java.base/java.util.ArrayList.forEach(ArrayList.java:1511)
	at java.base/java.util.ArrayList.forEach(ArrayList.java:1511)
Caused by: com.jayway.jsonpath.PathNotFoundException: No results for path: $['content'][0]['id']
]]></failure>
    <system-out><![CDATA[2025-01-06T22:25:07.733+01:00 DEBUG 15228 --- [taskapp] [           main] org.hibernate.SQL                        : select t1_0.id,t1_0.completed,t1_0.description,t1_0.title from task t1_0 where lower(t1_0.title) like replace(lower(concat('%',?,'%')),'\\','\\\\') or lower(t1_0.description) like replace(lower(concat('%',?,'%')),'\\','\\\\') order by t1_0.id desc limit ?
2025-01-06T22:25:07.744+01:00  INFO 15228 --- [taskapp] [           main] c.taskapp.taskapp.Services.TaskService   : Found 0 tasks
2025-01-06T22:25:07.761+01:00  WARN 15228 --- [taskapp] [           main] ration$PageModule$WarningLoggingModifier : Serializing PageImpl instances as-is is not supported, meaning that there is no guarantee about the stability of the resulting JSON structure!
	For a stable JSON structure, please use Spring Data's PagedModel (globally via @EnableSpringDataWebSupport(pageSerializationMode = VIA_DTO))
	or Spring HATEOAS and Spring Data's PagedResourcesAssembler as documented in https://docs.spring.io/spring-data/commons/reference/repositories/core-extensions.html#core.web.pageables.


MockHttpServletRequest:
      HTTP Method = GET
      Request URI = /api/tasks
       Parameters = {search=[test], page=[0], size=[10], sortBy=[id], sortDir=[DESC]}
          Headers = []
             Body = null
    Session Attrs = {}

Handler:
             Type = com.taskapp.taskapp.Controller.TaskController
           Method = com.taskapp.taskapp.Controller.TaskController#searchTasks(String, int, int, String, String)

Async:
    Async started = false
     Async result = null

Resolved Exception:
             Type = null

ModelAndView:
        View name = null
             View = null
            Model = null

FlashMap:
       Attributes = null

MockHttpServletResponse:
           Status = 200
    Error message = null
          Headers = [Content-Type:"application/json"]
     Content type = application/json
             Body = {"content":[],"pageable":{"pageNumber":0,"pageSize":10,"sort":{"empty":false,"unsorted":false,"sorted":true},"offset":0,"unpaged":false,"paged":true},"last":true,"totalElements":0,"totalPages":0,"first":true,"size":10,"number":0,"sort":{"empty":false,"unsorted":false,"sorted":true},"numberOfElements":0,"empty":true}
    Forwarded URL = null
   Redirected URL = null
          Cookies = []
]]></system-out>
  </testcase>
  <testcase name="deleteTask_Success" classname="com.taskapp.taskapp.TaskControllerTest" time="0.093">
    <failure message="Status expected:&lt;204&gt; but was:&lt;404&gt;" type="java.lang.AssertionError"><![CDATA[java.lang.AssertionError: Status expected:<204> but was:<404>
	at org.springframework.test.util.AssertionErrors.fail(AssertionErrors.java:61)
	at org.springframework.test.util.AssertionErrors.assertEquals(AssertionErrors.java:128)
	at org.springframework.test.web.servlet.result.StatusResultMatchers.lambda$matcher$9(StatusResultMatchers.java:640)
	at org.springframework.test.web.servlet.MockMvc$1.andExpect(MockMvc.java:214)
	at com.taskapp.taskapp.TaskControllerTest.deleteTask_Success(TaskControllerTest.java:126)
	at java.base/java.lang.reflect.Method.invoke(Method.java:568)
	at java.base/java.util.ArrayList.forEach(ArrayList.java:1511)
	at java.base/java.util.ArrayList.forEach(ArrayList.java:1511)
]]></failure>
    <system-out><![CDATA[2025-01-06T22:25:07.970+01:00 DEBUG 15228 --- [taskapp] [           main] org.hibernate.SQL                        : select count(*) from task t1_0 where t1_0.id=?
2025-01-06T22:25:07.975+01:00 ERROR 15228 --- [taskapp] [           main] c.taskapp.taskapp.Services.TaskService   : Task not found with ID: d0631291-12c8-461e-9cd5-a8ec7253910b
2025-01-06T22:25:07.977+01:00 ERROR 15228 --- [taskapp] [           main] c.t.t.U.E.GlobalExceptionHandler         : TaskNotFoundException: Task not found with id: d0631291-12c8-461e-9cd5-a8ec7253910b

MockHttpServletRequest:
      HTTP Method = DELETE
      Request URI = /api/tasks/d0631291-12c8-461e-9cd5-a8ec7253910b
       Parameters = {}
          Headers = []
             Body = null
    Session Attrs = {}

Handler:
             Type = com.taskapp.taskapp.Controller.TaskController
           Method = com.taskapp.taskapp.Controller.TaskController#deleteTask(UUID)

Async:
    Async started = false
     Async result = null

Resolved Exception:
             Type = com.taskapp.taskapp.Util.Exceptions.TaskNotFoundException

ModelAndView:
        View name = null
             View = null
            Model = null

FlashMap:
       Attributes = null

MockHttpServletResponse:
           Status = 404
    Error message = null
          Headers = [Content-Type:"application/json"]
     Content type = application/json
             Body = {"timestamp":"2025-01-06T22:25:07.977454","status":404,"message":"Task not found","details":["Task not found with id: d0631291-12c8-461e-9cd5-a8ec7253910b"]}
    Forwarded URL = null
   Redirected URL = null
          Cookies = []
]]></system-out>
  </testcase>
  <testcase name="updateTask_Success" classname="com.taskapp.taskapp.TaskControllerTest" time="0.025">
    <failure message="Status expected:&lt;200&gt; but was:&lt;404&gt;" type="java.lang.AssertionError"><![CDATA[java.lang.AssertionError: Status expected:<200> but was:<404>
	at org.springframework.test.util.AssertionErrors.fail(AssertionErrors.java:61)
	at org.springframework.test.util.AssertionErrors.assertEquals(AssertionErrors.java:128)
	at org.springframework.test.web.servlet.result.StatusResultMatchers.lambda$matcher$9(StatusResultMatchers.java:640)
	at org.springframework.test.web.servlet.MockMvc$1.andExpect(MockMvc.java:214)
	at com.taskapp.taskapp.TaskControllerTest.updateTask_Success(TaskControllerTest.java:98)
	at java.base/java.lang.reflect.Method.invoke(Method.java:568)
	at java.base/java.util.ArrayList.forEach(ArrayList.java:1511)
	at java.base/java.util.ArrayList.forEach(ArrayList.java:1511)
]]></failure>
    <system-out><![CDATA[2025-01-06T22:25:08.001+01:00 DEBUG 15228 --- [taskapp] [           main] org.hibernate.SQL                        : select t1_0.id,t1_0.completed,t1_0.description,t1_0.title from task t1_0 where t1_0.id=?
2025-01-06T22:25:08.007+01:00 ERROR 15228 --- [taskapp] [           main] c.t.t.U.E.GlobalExceptionHandler         : TaskNotFoundException: Task not found with id: bf78fc30-0ca2-4c3f-aa29-7eefb1140eaf

MockHttpServletRequest:
      HTTP Method = PUT
      Request URI = /api/tasks/bf78fc30-0ca2-4c3f-aa29-7eefb1140eaf
       Parameters = {}
          Headers = [Content-Type:"application/json;charset=UTF-8", Content-Length:"116"]
             Body = {"id":"bf78fc30-0ca2-4c3f-aa29-7eefb1140eaf","title":"Test Task","description":"Test Description","completed":false}
    Session Attrs = {}

Handler:
             Type = com.taskapp.taskapp.Controller.TaskController
           Method = com.taskapp.taskapp.Controller.TaskController#updateTask(UUID, Task)

Async:
    Async started = false
     Async result = null

Resolved Exception:
             Type = com.taskapp.taskapp.Util.Exceptions.TaskNotFoundException

ModelAndView:
        View name = null
             View = null
            Model = null

FlashMap:
       Attributes = null

MockHttpServletResponse:
           Status = 404
    Error message = null
          Headers = [Content-Type:"application/json"]
     Content type = application/json
             Body = {"timestamp":"2025-01-06T22:25:08.0072016","status":404,"message":"Task not found","details":["Task not found with id: bf78fc30-0ca2-4c3f-aa29-7eefb1140eaf"]}
    Forwarded URL = null
   Redirected URL = null
          Cookies = []
]]></system-out>
  </testcase>
  <testcase name="partialUpdateTask_Success" classname="com.taskapp.taskapp.TaskControllerTest" time="0.038">
    <failure message="Status expected:&lt;200&gt; but was:&lt;404&gt;" type="java.lang.AssertionError"><![CDATA[java.lang.AssertionError: Status expected:<200> but was:<404>
	at org.springframework.test.util.AssertionErrors.fail(AssertionErrors.java:61)
	at org.springframework.test.util.AssertionErrors.assertEquals(AssertionErrors.java:128)
	at org.springframework.test.web.servlet.result.StatusResultMatchers.lambda$matcher$9(StatusResultMatchers.java:640)
	at org.springframework.test.web.servlet.MockMvc$1.andExpect(MockMvc.java:214)
	at com.taskapp.taskapp.TaskControllerTest.partialUpdateTask_Success(TaskControllerTest.java:148)
	at java.base/java.lang.reflect.Method.invoke(Method.java:568)
	at java.base/java.util.ArrayList.forEach(ArrayList.java:1511)
	at java.base/java.util.ArrayList.forEach(ArrayList.java:1511)
]]></failure>
    <system-out><![CDATA[2025-01-06T22:25:08.042+01:00 DEBUG 15228 --- [taskapp] [           main] org.hibernate.SQL                        : select t1_0.id,t1_0.completed,t1_0.description,t1_0.title from task t1_0 where t1_0.id=?
2025-01-06T22:25:08.048+01:00 ERROR 15228 --- [taskapp] [           main] c.t.t.U.E.GlobalExceptionHandler         : TaskNotFoundException: Task not found with id: dae66f31-2791-4dff-a053-326bd87df210

MockHttpServletRequest:
      HTTP Method = PATCH
      Request URI = /api/tasks/dae66f31-2791-4dff-a053-326bd87df210
       Parameters = {}
          Headers = [Content-Type:"application/json;charset=UTF-8", Content-Length:"42"]
             Body = {"completed":true,"title":"Updated Title"}
    Session Attrs = {}

Handler:
             Type = com.taskapp.taskapp.Controller.TaskController
           Method = com.taskapp.taskapp.Controller.TaskController#partialUpdateTask(UUID, Map)

Async:
    Async started = false
     Async result = null

Resolved Exception:
             Type = com.taskapp.taskapp.Util.Exceptions.TaskNotFoundException

ModelAndView:
        View name = null
             View = null
            Model = null

FlashMap:
       Attributes = null

MockHttpServletResponse:
           Status = 404
    Error message = null
          Headers = [Content-Type:"application/json"]
     Content type = application/json
             Body = {"timestamp":"2025-01-06T22:25:08.0487167","status":404,"message":"Task not found","details":["Task not found with id: dae66f31-2791-4dff-a053-326bd87df210"]}
    Forwarded URL = null
   Redirected URL = null
          Cookies = []
]]></system-out>
  </testcase>
</testsuite>